<testsuites>
  <testsuite name="step graph" tests="8" skipped="0" failures="4" time="174.407056894">
    <properties></properties>
    <testcase name="All images are built and tagged into stable" time="1.57e-06"></testcase>
    <testcase name="Find the input image managed-services-integration-tests and tag it into the pipeline" time="0.032840994"></testcase>
    <testcase name="Find the input image openshift-cli-installer and tag it into the pipeline" time="0.025240795"></testcase>
    <testcase name="Import the release payload &#34;latest&#34; from an external source" time="125.202872874"></testcase>
    <testcase name="Run multi-stage test post phase" time="30.779012757">
      <failure message="">&#34;test-fail-setup-skip-test&#34; pod &#34;test-fail-setup-skip-test-cluster-uninstall&#34; failed: could not watch pod: the pod ci-op-symmhkrx/test-fail-setup-skip-test-cluster-uninstall failed after 30s (failed containers: test): ContainerFailed one or more containers exited&#xA;&#xA;Container test exited with code 1, reason Error&#xA;---&#xA;CKER_CONFIG_JSON_PATH=&#34;${CLUSTER_PROFILE_DIR}/config.json&#34;&#xA;&#xA;export AWS_ACCESS_KEY_ID&#xA;export AWS_SECRET_ACCESS_KEY&#xA;export OCM_TOKEN&#xA;export DOCKER_CONFIG=${CLUSTER_PROFILE_DIR}&#xA;&#xA;# Extract clusters archive from SHARED_DIR&#xA;tar -xzvf &#34;${SHARED_DIR}/clusters_data.tar.gz&#34; --one-top-leve=$CLUSTER_DATA_DIR&#xA;&#xA;RUN_COMMAND=&#34;poetry run python openshift_cli_installer/cli.py \&#xA;            --ocm-token=$OCM_TOKEN \&#xA;            --destroy-clusters-from-install-data-directory-using-s3-bucket \&#xA;            --clusters-install-data-directory $CLUSTER_DATA_DIR&#34;&#xA;&#xA;if [ &#34;${CLUSTERS_RUN_IN_PARALLEL}&#34; = &#34;true&#34; ]; then&#xA;    RUN_COMMAND+=&#34; --parallel&#34;&#xA;fi&#xA;&#xA;if [[ -n &#34;${PULL_SECRET_NAME}&#34; ]]; then&#xA;    RUN_COMMAND+=&#34; --registry-config-file=/var/run/secrets/ci.openshift.io/cluster-profile/${PULL_SECRET_NAME} --docker-config-file ${DOCKER_CONFIG_JSON_PATH}&#34;&#xA;fi&#xA;&#xA;echo &#34;$RUN_COMMAND&#34; | sed -r &#34;s/ocm-token=[A-Za-z0-9\.\-]+/ocm-token=hashed-token /g&#34;&#xA;poetry run python openshift_cli_installer/cli.py             --ocm-token=hashed-token              --destroy-clusters-from-install-data-directory-using-s3-bucket             --clusters-install-data-directory /tmp/clusters-data --parallel&#xA;${RUN_COMMAND}&#xA;/openshift-cli-installer/.venv/lib/python3.12/site-packages/pyaml_env/parse_config.py:58: SyntaxWarning: invalid escape sequence &#39;\w&#39;&#xA;  type_tag_pattern = re.compile(f&#39;({type_tag}\w+\s)&#39;)&#xA;2024-02-11T15:03:50.845520 openshift_cli_installer.libs.user_input �[32mINFO�[0m Initializing User Input�[0m&#xA;2024-02-11T15:03:50.845754 openshift_cli_installer.utils.clusters �[31mERROR�[0m No clusters to destroy�[0m&#xA;Aborted!&#xA;2024-02-11T15:03:50.846010 main-openshift-cli-installer �[32mINFO�[0m Total execution time: 0:00:00.001286�[0m&#xA;{&#34;component&#34;:&#34;entrypoint&#34;,&#34;error&#34;:&#34;wrapped process failed: exit status 1&#34;,&#34;file&#34;:&#34;k8s.io/test-infra/prow/entrypoint/run.go:84&#34;,&#34;func&#34;:&#34;k8s.io/test-infra/prow/entrypoint.Options.internalRun&#34;,&#34;level&#34;:&#34;error&#34;,&#34;msg&#34;:&#34;Error executing test process&#34;,&#34;severity&#34;:&#34;error&#34;,&#34;time&#34;:&#34;2024-02-11T15:03:51Z&#34;}&#xA;error: failed to execute wrapped command: exit status 1&#xA;---&#xA;Link to step on registry info site: https://steps.ci.openshift.org/reference/cluster-uninstall&#xA;Link to job on registry info site: https://steps.ci.openshift.org/job?org=CSPI-QE&amp;repo=MSI&amp;branch=multi-cluster-smoke&amp;test=test-fail-setup-skip-test&amp;variant=v4.14</failure>
      <system-out>The collected steps of multi-stage phase post.</system-out>
    </testcase>
    <testcase name="Run multi-stage test pre phase" time="18.181411598">
      <failure message="">&#34;test-fail-setup-skip-test&#34; pod &#34;test-fail-setup-skip-test-cluster-install&#34; failed: could not watch pod: the pod ci-op-symmhkrx/test-fail-setup-skip-test-cluster-install failed after 17s (failed containers: test): ContainerFailed one or more containers exited&#xA;&#xA;Container test exited with code 1, reason Error&#xA;---&#xA;INFO�[0m Initializing User Input�[0m&#xA;2024-02-11T15:03:19.987600 openshift_cli_installer.libs.user_input �[31mERROR�[0m At least one &#39;--cluster&#39; option must be provided.�[0m&#xA;Aborted!&#xA;2024-02-11T15:03:19.987862 main-openshift-cli-installer �[32mINFO�[0m Total execution time: 0:00:00.001255�[0m&#xA;return_code=$?&#xA;&#xA;if [ $NUM_CLUSTERS -eq 1 ]; then&#xA;  CLUSTER_NAME=$(awk -F&#39;.*name=|;&#39; &#39;{print $2}&#39; &lt;&lt;&lt; &#34;$CLUSTERS_CMD&#34;)&#xA;  CLUSTER_PLATFORM=$(awk -F&#39;.*platform=|;&#39; &#39;{print $2}&#39; &lt;&lt;&lt; &#34;$CLUSTERS_CMD&#34;)&#xA;  CLUSTER_DATA_DIR=&#34;$CLUSTER_DATA_DIR/$CLUSTER_PLATFORM/$CLUSTER_NAME&#34;&#xA;  CLUSTER_AUTH_DIR=&#34;$CLUSTER_DATA_DIR/auth&#34;&#xA;  cp &#34;$CLUSTER_AUTH_DIR/kubeconfig&#34; &#34;${SHARED_DIR}/kubeconfig&#34;&#xA;  cp &#34;$CLUSTER_AUTH_DIR/kubeadmin-password&#34; &#34;${SHARED_DIR}/kubeadmin-password&#34;&#xA;  grep &#39;display-name&#39; &#34;$CLUSTER_DATA_DIR/cluster_data.yaml&#34; | awk -F&#39;: &#39; &#39;{print $2}&#39; &gt; &#34;${SHARED_DIR}/cluster-name&#34;&#xA;  grep &#39;api-url&#39; &#34;$CLUSTER_DATA_DIR/cluster_data.yaml&#34; |  awk -F&#39;: &#39; &#39;{print $2}&#39; &gt; &#34;${SHARED_DIR}/api.url&#34;&#xA;  grep &#39;console-url&#39; &#34;$CLUSTER_DATA_DIR/cluster_data.yaml&#34; |  awk -F&#39;: &#39; &#39;{print $2}&#39; &gt; &#34;${SHARED_DIR}/console.url&#34;&#xA;  grep &#39;cluster-id&#39; &#34;$CLUSTER_DATA_DIR/cluster_data.yaml&#34; |  awk -F&#39;: &#39; &#39;{print $2}&#39; &gt; &#34;${SHARED_DIR}/cluster-id&#34;&#xA;fi&#xA;&#xA;# Save cluster_data.yaml and kubeconfig files to be used during cluster deletion&#xA;# find $CLUSTER_DATA_DIR  -name &#34;cluster_data.yaml&#34;  | tar -zcvf &#34;${SHARED_DIR}/clusters_data.tar.gz&#34; -T -&#xA;tar -zcvf &#34;${SHARED_DIR}/clusters_data.tar.gz&#34; --exclude=*.json --exclude=*terraform* --exclude=*.zip --exclude=*.tf* --exclude=tls --exclude=*.log  -C $CLUSTER_DATA_DIR .&#xA;tar: /tmp/clusters-data: Cannot open: No such file or directory&#xA;tar: Error is not recoverable: exiting now&#xA;&#xA;set -e&#xA;exit &#34;$return_code&#34;&#xA;{&#34;component&#34;:&#34;entrypoint&#34;,&#34;error&#34;:&#34;wrapped process failed: exit status 1&#34;,&#34;file&#34;:&#34;k8s.io/test-infra/prow/entrypoint/run.go:84&#34;,&#34;func&#34;:&#34;k8s.io/test-infra/prow/entrypoint.Options.internalRun&#34;,&#34;level&#34;:&#34;error&#34;,&#34;msg&#34;:&#34;Error executing test process&#34;,&#34;severity&#34;:&#34;error&#34;,&#34;time&#34;:&#34;2024-02-11T15:03:20Z&#34;}&#xA;error: failed to execute wrapped command: exit status 1&#xA;---&#xA;Link to step on registry info site: https://steps.ci.openshift.org/reference/cluster-install&#xA;Link to job on registry info site: https://steps.ci.openshift.org/job?org=CSPI-QE&amp;repo=MSI&amp;branch=multi-cluster-smoke&amp;test=test-fail-setup-skip-test&amp;variant=v4.14</failure>
      <system-out>The collected steps of multi-stage phase pre.</system-out>
    </testcase>
    <testcase name="Run multi-stage test test-fail-setup-skip-test - test-fail-setup-skip-test-cluster-install container test" time="11">
      <failure message="">INFO�[0m Initializing User Input�[0m&#xA;2024-02-11T15:03:19.987600 openshift_cli_installer.libs.user_input �[31mERROR�[0m At least one &#39;--cluster&#39; option must be provided.�[0m&#xA;Aborted!&#xA;2024-02-11T15:03:19.987862 main-openshift-cli-installer �[32mINFO�[0m Total execution time: 0:00:00.001255�[0m&#xA;return_code=$?&#xA;&#xA;if [ $NUM_CLUSTERS -eq 1 ]; then&#xA;  CLUSTER_NAME=$(awk -F&#39;.*name=|;&#39; &#39;{print $2}&#39; &lt;&lt;&lt; &#34;$CLUSTERS_CMD&#34;)&#xA;  CLUSTER_PLATFORM=$(awk -F&#39;.*platform=|;&#39; &#39;{print $2}&#39; &lt;&lt;&lt; &#34;$CLUSTERS_CMD&#34;)&#xA;  CLUSTER_DATA_DIR=&#34;$CLUSTER_DATA_DIR/$CLUSTER_PLATFORM/$CLUSTER_NAME&#34;&#xA;  CLUSTER_AUTH_DIR=&#34;$CLUSTER_DATA_DIR/auth&#34;&#xA;  cp &#34;$CLUSTER_AUTH_DIR/kubeconfig&#34; &#34;${SHARED_DIR}/kubeconfig&#34;&#xA;  cp &#34;$CLUSTER_AUTH_DIR/kubeadmin-password&#34; &#34;${SHARED_DIR}/kubeadmin-password&#34;&#xA;  grep &#39;display-name&#39; &#34;$CLUSTER_DATA_DIR/cluster_data.yaml&#34; | awk -F&#39;: &#39; &#39;{print $2}&#39; &gt; &#34;${SHARED_DIR}/cluster-name&#34;&#xA;  grep &#39;api-url&#39; &#34;$CLUSTER_DATA_DIR/cluster_data.yaml&#34; |  awk -F&#39;: &#39; &#39;{print $2}&#39; &gt; &#34;${SHARED_DIR}/api.url&#34;&#xA;  grep &#39;console-url&#39; &#34;$CLUSTER_DATA_DIR/cluster_data.yaml&#34; |  awk -F&#39;: &#39; &#39;{print $2}&#39; &gt; &#34;${SHARED_DIR}/console.url&#34;&#xA;  grep &#39;cluster-id&#39; &#34;$CLUSTER_DATA_DIR/cluster_data.yaml&#34; |  awk -F&#39;: &#39; &#39;{print $2}&#39; &gt; &#34;${SHARED_DIR}/cluster-id&#34;&#xA;fi&#xA;&#xA;# Save cluster_data.yaml and kubeconfig files to be used during cluster deletion&#xA;# find $CLUSTER_DATA_DIR  -name &#34;cluster_data.yaml&#34;  | tar -zcvf &#34;${SHARED_DIR}/clusters_data.tar.gz&#34; -T -&#xA;tar -zcvf &#34;${SHARED_DIR}/clusters_data.tar.gz&#34; --exclude=*.json --exclude=*terraform* --exclude=*.zip --exclude=*.tf* --exclude=tls --exclude=*.log  -C $CLUSTER_DATA_DIR .&#xA;tar: /tmp/clusters-data: Cannot open: No such file or directory&#xA;tar: Error is not recoverable: exiting now&#xA;&#xA;set -e&#xA;exit &#34;$return_code&#34;&#xA;{&#34;component&#34;:&#34;entrypoint&#34;,&#34;error&#34;:&#34;wrapped process failed: exit status 1&#34;,&#34;file&#34;:&#34;k8s.io/test-infra/prow/entrypoint/run.go:84&#34;,&#34;func&#34;:&#34;k8s.io/test-infra/prow/entrypoint.Options.internalRun&#34;,&#34;level&#34;:&#34;error&#34;,&#34;msg&#34;:&#34;Error executing test process&#34;,&#34;severity&#34;:&#34;error&#34;,&#34;time&#34;:&#34;2024-02-11T15:03:20Z&#34;}&#xA;error: failed to execute wrapped command: exit status 1&#xA;</failure>
    </testcase>
    <testcase name="Run multi-stage test test-fail-setup-skip-test - test-fail-setup-skip-test-cluster-uninstall container test" time="5">
      <failure message="">CKER_CONFIG_JSON_PATH=&#34;${CLUSTER_PROFILE_DIR}/config.json&#34;&#xA;&#xA;export AWS_ACCESS_KEY_ID&#xA;export AWS_SECRET_ACCESS_KEY&#xA;export OCM_TOKEN&#xA;export DOCKER_CONFIG=${CLUSTER_PROFILE_DIR}&#xA;&#xA;# Extract clusters archive from SHARED_DIR&#xA;tar -xzvf &#34;${SHARED_DIR}/clusters_data.tar.gz&#34; --one-top-leve=$CLUSTER_DATA_DIR&#xA;&#xA;RUN_COMMAND=&#34;poetry run python openshift_cli_installer/cli.py \&#xA;            --ocm-token=$OCM_TOKEN \&#xA;            --destroy-clusters-from-install-data-directory-using-s3-bucket \&#xA;            --clusters-install-data-directory $CLUSTER_DATA_DIR&#34;&#xA;&#xA;if [ &#34;${CLUSTERS_RUN_IN_PARALLEL}&#34; = &#34;true&#34; ]; then&#xA;    RUN_COMMAND+=&#34; --parallel&#34;&#xA;fi&#xA;&#xA;if [[ -n &#34;${PULL_SECRET_NAME}&#34; ]]; then&#xA;    RUN_COMMAND+=&#34; --registry-config-file=/var/run/secrets/ci.openshift.io/cluster-profile/${PULL_SECRET_NAME} --docker-config-file ${DOCKER_CONFIG_JSON_PATH}&#34;&#xA;fi&#xA;&#xA;echo &#34;$RUN_COMMAND&#34; | sed -r &#34;s/ocm-token=[A-Za-z0-9\.\-]+/ocm-token=hashed-token /g&#34;&#xA;poetry run python openshift_cli_installer/cli.py             --ocm-token=hashed-token              --destroy-clusters-from-install-data-directory-using-s3-bucket             --clusters-install-data-directory /tmp/clusters-data --parallel&#xA;${RUN_COMMAND}&#xA;/openshift-cli-installer/.venv/lib/python3.12/site-packages/pyaml_env/parse_config.py:58: SyntaxWarning: invalid escape sequence &#39;\w&#39;&#xA;  type_tag_pattern = re.compile(f&#39;({type_tag}\w+\s)&#39;)&#xA;2024-02-11T15:03:50.845520 openshift_cli_installer.libs.user_input �[32mINFO�[0m Initializing User Input�[0m&#xA;2024-02-11T15:03:50.845754 openshift_cli_installer.utils.clusters �[31mERROR�[0m No clusters to destroy�[0m&#xA;Aborted!&#xA;2024-02-11T15:03:50.846010 main-openshift-cli-installer �[32mINFO�[0m Total execution time: 0:00:00.001286�[0m&#xA;{&#34;component&#34;:&#34;entrypoint&#34;,&#34;error&#34;:&#34;wrapped process failed: exit status 1&#34;,&#34;file&#34;:&#34;k8s.io/test-infra/prow/entrypoint/run.go:84&#34;,&#34;func&#34;:&#34;k8s.io/test-infra/prow/entrypoint.Options.internalRun&#34;,&#34;level&#34;:&#34;error&#34;,&#34;msg&#34;:&#34;Error executing test process&#34;,&#34;severity&#34;:&#34;error&#34;,&#34;time&#34;:&#34;2024-02-11T15:03:51Z&#34;}&#xA;error: failed to execute wrapped command: exit status 1&#xA;</failure>
    </testcase>
  </testsuite>
</testsuites>
